app/build/outputs/logs/manifest-merger-debug-report.txt
-- Merging decision tree log ---
manifest
ADDED from src\main\AndroidManifest.xml:2:1-132:12
	package
		ADDED from src\main\AndroidManifest.xml:3:5-32
		INJECTED from src\main\AndroidManifest.xml
		INJECTED from src\main\AndroidManifest.xml
	android:versionName
		ADDED from src\main\AndroidManifest.xml:5:5-31
		INJECTED from src\main\AndroidManifest.xml
		INJECTED from src\main\AndroidManifest.xml
	android:versionCode
		ADDED from src\main\AndroidManifest.xml:4:5-30
		INJECTED from src\main\AndroidManifest.xml
		INJECTED from src\main\AndroidManifest.xml
	xmlns:android
		ADDED from src\main\AndroidManifest.xml:2:11-69
uses-sdk
ADDED from src\main\AndroidManifest.xml:8:5-10:41
	android:targetSdkVersion
		ADDED from src\main\AndroidManifest.xml:10:9-38
		INJECTED from src\main\AndroidManifest.xml
		INJECTED from src\main\AndroidManifest.xml
	android:minSdkVersion
		ADDED from src\main\AndroidManifest.xml:9:9-35
		INJECTED from src\main\AndroidManifest.xml
		INJECTED from src\main\AndroidManifest.xml
uses-permission#android.permission.INTERNET
ADDED from src\main\AndroidManifest.xml:12:5-67
	android:name
		ADDED from src\main\AndroidManifest.xml:12:22-64
uses-permission#android.permission.ACCESS_WIFI_STATE
ADDED from src\main\AndroidManifest.xml:13:5-76
	android:name
		ADDED from src\main\AndroidManifest.xml:13:22-73
uses-permission#android.permission.ACCESS_NETWORK_STATE
ADDED from src\main\AndroidManifest.xml:14:5-79
	android:name
		ADDED from src\main\AndroidManifest.xml:14:22-76
uses-permission#android.permission.EXPAND_STATUS_BAR
ADDED from src\main\AndroidManifest.xml:15:5-76
	android:name
		ADDED from src\main\AndroidManifest.xml:15:22-73
uses-permission#android.permission.KILL_BACKGROUND_PROCESSES
ADDED from src\main\AndroidManifest.xml:16:5-84
	android:name
		ADDED from src\main\AndroidManifest.xml:16:22-81
uses-permission#android.permission.GET_TASKS
ADDED from src\main\AndroidManifest.xml:17:5-68
	android:name
		ADDED from src\main\AndroidManifest.xml:17:22-65
uses-permission#android.permission.WRITE_EXTERNAL_STORAGE
ADDED from src\main\AndroidManifest.xml:18:5-81
	android:name
		ADDED from src\main\AndroidManifest.xml:18:22-78
uses-permission#android.permission.RECEIVE_BOOT_COMPLETED
ADDED from src\main\AndroidManifest.xml:19:5-81
	android:name
		ADDED from src\main\AndroidManifest.xml:19:22-78
uses-permission#android.permission.READ_EXTERNAL_STORAGE
ADDED from src\main\AndroidManifest.xml:20:5-80
	android:name
		ADDED from src\main\AndroidManifest.xml:20:22-77
uses-permission#android.permission.MOUNT_UNMOUNT_FILESYSTEMS
ADDED from src\main\AndroidManifest.xml:21:5-84
	android:name
		ADDED from src\main\AndroidManifest.xml:21:22-81
uses-permission#android.permission.CHANGE_WIFI_STATE
ADDED from src\main\AndroidManifest.xml:22:5-75
	android:name
		ADDED from src\main\AndroidManifest.xml:22:22-73
uses-permission#android.permission.CHANGE_NETWORK_STATE
ADDED from src\main\AndroidManifest.xml:24:5-78
	android:name
		ADDED from src\main\AndroidManifest.xml:24:22-76
application
ADDED from src\main\AndroidManifest.xml:28:5-130:19
	android:label
		ADDED from src\main\AndroidManifest.xml:31:9-41
	android:allowBackup
		ADDED from src\main\AndroidManifest.xml:29:9-35
	android:icon
		ADDED from src\main\AndroidManifest.xml:30:9-45
	android:largeHeap
		ADDED from src\main\AndroidManifest.xml:32:9-33
	android:theme
		ADDED from src\main\AndroidManifest.xml:33:9-73
activity#com.box.launcher.MainActivity
ADDED from src\main\AndroidManifest.xml:34:9-51:20
	android:screenOrientation
		ADDED from src\main\AndroidManifest.xml:38:13-50
	android:label
		ADDED from src\main\AndroidManifest.xml:36:13-45
	android:launchMode
		ADDED from src\main\AndroidManifest.xml:37:13-44
	android:name
		ADDED from src\main\AndroidManifest.xml:35:13-57
intent-filter#android.intent.action.MAIN+android.intent.category.DEFAULT+android.intent.category.HOME+android.intent.category.LAUNCHER+android.intent.category.MONKEY
ADDED from src\main\AndroidManifest.xml:39:13-50:29
action#android.intent.action.MAIN
ADDED from src\main\AndroidManifest.xml:45:16-68
	android:name
		ADDED from src\main\AndroidManifest.xml:45:24-65
category#android.intent.category.DEFAULT
ADDED from src\main\AndroidManifest.xml:46:17-76
	android:name
		ADDED from src\main\AndroidManifest.xml:46:27-73
category#android.intent.category.MONKEY
ADDED from src\main\AndroidManifest.xml:47:17-75
	android:name
		ADDED from src\main\AndroidManifest.xml:47:27-72
category#android.intent.category.HOME
ADDED from src\main\AndroidManifest.xml:48:17-72
	android:name
		ADDED from src\main\AndroidManifest.xml:48:27-70
category#android.intent.category.LAUNCHER
ADDED from src\main\AndroidManifest.xml:49:17-76
	android:name
		ADDED from src\main\AndroidManifest.xml:49:27-74
activity#com.box.launcher.CityPicker
ADDED from src\main\AndroidManifest.xml:53:9-59:20
	android:screenOrientation
		ADDED from src\main\AndroidManifest.xml:55:13-50
	android:name
		ADDED from src\main\AndroidManifest.xml:54:13-55
intent-filter#com.ider.citypicker
ADDED from src\main\AndroidManifest.xml:56:13-58:29
action#com.ider.citypicker
ADDED from src\main\AndroidManifest.xml:57:17-62
	android:name
		ADDED from src\main\AndroidManifest.xml:57:25-59
activity#box.cleansystem.StartActivity
ADDED from src\main\AndroidManifest.xml:62:9-68:20
	android:theme
		ADDED from src\main\AndroidManifest.xml:64:13-44
	android:name
		ADDED from src\main\AndroidManifest.xml:63:13-57
intent-filter#com.ider.clean
ADDED from src\main\AndroidManifest.xml:65:13-67:29
action#com.ider.clean
ADDED from src\main\AndroidManifest.xml:66:17-57
	android:name
		ADDED from src\main\AndroidManifest.xml:66:25-54
activity#box.cleansystem.zzStartActivity
ADDED from src\main\AndroidManifest.xml:69:5-75:20
	android:theme
		ADDED from src\main\AndroidManifest.xml:71:13-44
	android:name
		ADDED from src\main\AndroidManifest.xml:70:13-59
intent-filter#com.ider.clean2
ADDED from src\main\AndroidManifest.xml:72:13-74:29
action#com.ider.clean2
ADDED from src\main\AndroidManifest.xml:73:17-58
	android:name
		ADDED from src\main\AndroidManifest.xml:73:25-55
activity#com.box.launcher.AppListActivity
ADDED from src\main\AndroidManifest.xml:77:9-83:20
	android:launchMode
		ADDED from src\main\AndroidManifest.xml:79:13-44
	android:name
		ADDED from src\main\AndroidManifest.xml:78:13-60
intent-filter#com.ider.applist
ADDED from src\main\AndroidManifest.xml:80:13-82:29
action#com.ider.applist
ADDED from src\main\AndroidManifest.xml:81:17-59
	android:name
		ADDED from src\main\AndroidManifest.xml:81:25-56
activity#com.box.launcher.FastKey
ADDED from src\main\AndroidManifest.xml:86:9-92:20
	android:launchMode
		ADDED from src\main\AndroidManifest.xml:88:13-44
	android:name
		ADDED from src\main\AndroidManifest.xml:87:13-52
intent-filter#com.ider.fastkey
ADDED from src\main\AndroidManifest.xml:89:13-91:29
action#com.ider.fastkey
ADDED from src\main\AndroidManifest.xml:90:17-59
	android:name
		ADDED from src\main\AndroidManifest.xml:90:25-56
activity#com.box.launcher.BootChooser
ADDED from src\main\AndroidManifest.xml:95:9-102:20
	android:launchMode
		ADDED from src\main\AndroidManifest.xml:97:13-44
	android:theme
		ADDED from src\main\AndroidManifest.xml:98:13-44
	android:name
		ADDED from src\main\AndroidManifest.xml:96:13-56
intent-filter#com.ider.bootchooser
ADDED from src\main\AndroidManifest.xml:99:13-101:29
action#com.ider.bootchooser
ADDED from src\main\AndroidManifest.xml:100:17-63
	android:name
		ADDED from src\main\AndroidManifest.xml:100:25-60
receiver#com.box.launcher.BootReceiver
ADDED from src\main\AndroidManifest.xml:104:9-108:20
	android:name
		ADDED from src\main\AndroidManifest.xml:104:19-63
intent-filter#android.intent.action.BOOT_COMPLETED
ADDED from src\main\AndroidManifest.xml:105:13-107:29
action#android.intent.action.BOOT_COMPLETED
ADDED from src\main\AndroidManifest.xml:106:17-79
	android:name
		ADDED from src\main\AndroidManifest.xml:106:25-76
activity#com.box.launcher.CommonApp
ADDED from src\main\AndroidManifest.xml:110:9-114:20
	android:label
		ADDED from src\main\AndroidManifest.xml:112:13-60
	android:theme
		ADDED from src\main\AndroidManifest.xml:113:13-72
	android:name
		ADDED from src\main\AndroidManifest.xml:111:13-54
activity#com.box.background.AppInfo
ADDED from src\main\AndroidManifest.xml:115:9-117:47
	android:theme
		ADDED from src\main\AndroidManifest.xml:117:13-44
	android:name
		ADDED from src\main\AndroidManifest.xml:116:13-54
service#com.box.background.ConfigService
ADDED from src\main\AndroidManifest.xml:119:9-120:19
	android:name
		ADDED from src\main\AndroidManifest.xml:119:18-65
activity#com.box.launcher.BgchangeActivity
ADDED from src\main\AndroidManifest.xml:122:9-125:20
	android:label
		ADDED from src\main\AndroidManifest.xml:124:13-60
	android:name
		ADDED from src\main\AndroidManifest.xml:123:13-61
activity#com.box.launcher.QuickActivity
ADDED from src\main\AndroidManifest.xml:126:9-129:20
	android:label
		ADDED from src\main\AndroidManifest.xml:128:13-57
	android:name
		ADDED from src\main\AndroidManifest.xml:127:13-58